1713712276651	geckodriver	INFO	Listening on 127.0.0.1:21203
1713712279704	mozrunner::runner	INFO	Running command: "C:\\Program Files\\Mozilla Firefox\\firefox.exe" "--marionette" "--remote-debugging-port" "21204" "--remote-allow-hosts" "localhost" "-no-remote" "-profile" "C:\\Users\\ABDULL~1\\AppData\\Local\\Temp\\rust_mozprofileqCTRGq"
console.warn: services.settings: Ignoring preference override of remote settings server
console.warn: services.settings: Allow by setting MOZ_REMOTE_SETTINGS_DEVTOOLS=1 in the environment
Dynamically enable window occlusion 0
1713712280122	Marionette	INFO	Marionette enabled
1713712280431	Marionette	INFO	Listening on port 21214
WebDriver BiDi listening on ws://127.0.0.1:21204
Read port: 21214
1713712280738	RemoteAgent	WARN	TLS certificate errors will be ignored for this session
DevTools listening on ws://127.0.0.1:21204/devtools/browser/09c55156-6044-4f11-8d39-73a4f3f412f3
JavaScript warning: https://www.amazon.com/, line 1865: WEBGL_debug_renderer_info is deprecated in Firefox and will be removed. Please use RENDERER.
JavaScript warning: https://www.amazon.com/s?k=TP-Link+N450+WiFi+Router+-+Wireless+Internet+Router+for+Home+%28TL-WR940N%29&crid=3U5BHM3OVOS5F&sprefix=%2Caps%2C598&ref=nb_sb_noss_2, line 3124: WEBGL_debug_renderer_info is deprecated in Firefox and will be removed. Please use RENDERER.
JavaScript warning: https://www.amazon.com/WiFi-6-Router-Gigabit-Wireless/dp/B08H8ZLKKK/ref=sr_1_1?crid=3U5BHM3OVOS5F&dib=eyJ2IjoiMSJ9.QdWgopIKJJFsvL4DDwWKmVrIBncVhHR5XeNCrHeAA-mtqvsyBIZpcYTbitwHhBaOPmOR42fF0vQpZE0HtOdq9EtkPOWlvVC8JdhDro704YTYZzKs4OivQBkIc2cnLzmiCJX3Lr_xi5zHrmNmVJLp-4htnmg5LzkMj9uhvm4vIBA.HnxhoXv47GGkn6usinjcWXKi0lgegjfNTo_kXDHE4QM&dib_tag=se&keywords=TP-Link+N450+WiFi+Router+-+Wireless+Internet+Router+for+Home+%28TL-WR940N%29&qid=1713712294&sprefix=%2Caps%2C598&sr=8-1, line 10707: WEBGL_debug_renderer_info is deprecated in Firefox and will be removed. Please use RENDERER.
1713712310172	addons.xpi	ERROR	System addon update list error SyntaxError: XMLHttpRequest.open: 'http://%(server)s/dummy-system-addons.xml' is not a valid URL.
JavaScript warning: https://m.media-amazon.com/images/I/81MTK5Efc4L.js?AUIClients/FWCIMAssets, line 298: WEBGL_debug_renderer_info is deprecated in Firefox and will be removed. Please use RENDERER.
JavaScript warning: https://www.amazon.com/WiFi-6-Router-Gigabit-Wireless/dp/B08H8ZLKKK/ref=sr_1_1?crid=3U5BHM3OVOS5F&dib=eyJ2IjoiMSJ9.QdWgopIKJJFsvL4DDwWKmVrIBncVhHR5XeNCrHeAA-mtqvsyBIZpcYTbitwHhBaOPmOR42fF0vQpZE0HtOdq9EtkPOWlvVC8JdhDro704YTYZzKs4OivQBkIc2cnLzmiCJX3Lr_xi5zHrmNmVJLp-4htnmg5LzkMj9uhvm4vIBA.HnxhoXv47GGkn6usinjcWXKi0lgegjfNTo_kXDHE4QM&dib_tag=se&keywords=TP-Link+N450+WiFi+Router+-+Wireless+Internet+Router+for+Home+%28TL-WR940N%29&qid=1713712294&sprefix=%2Caps%2C598&sr=8-1, line 725: Script terminated by timeout at:
A@https://www.amazon.com/WiFi-6-Router-Gigabit-Wireless/dp/B08H8ZLKKK/ref=sr_1_1?crid=3U5BHM3OVOS5F&dib=eyJ2IjoiMSJ9.QdWgopIKJJFsvL4DDwWKmVrIBncVhHR5XeNCrHeAA-mtqvsyBIZpcYTbitwHhBaOPmOR42fF0vQpZE0HtOdq9EtkPOWlvVC8JdhDro704YTYZzKs4OivQBkIc2cnLzmiCJX3Lr_xi5zHrmNmVJLp-4htnmg5LzkMj9uhvm4vIBA.HnxhoXv47GGkn6usinjcWXKi0lgegjfNTo_kXDHE4QM&dib_tag=se&keywords=TP-Link+N450+WiFi+Router+-+Wireless+Internet+Router+for+Home+%28TL-WR940N%29&qid=1713712294&sprefix=%2Caps%2C598&sr=8-1:725:6318
N@https://www.amazon.com/WiFi-6-Router-Gigabit-Wireless/dp/B08H8ZLKKK/ref=sr_1_1?crid=3U5BHM3OVOS5F&dib=eyJ2IjoiMSJ9.QdWgopIKJJFsvL4DDwWKmVrIBncVhHR5XeNCrHeAA-mtqvsyBIZpcYTbitwHhBaOPmOR42fF0vQpZE0HtOdq9EtkPOWlvVC8JdhDro704YTYZzKs4OivQBkIc2cnLzmiCJX3Lr_xi5zHrmNmVJLp-4htnmg5LzkMj9uhvm4vIBA.HnxhoXv47GGkn6usinjcWXKi0lgegjfNTo_kXDHE4QM&dib_tag=se&keywords=TP-Link+N450+WiFi+Router+-+Wireless+Internet+Router+for+Home+%28TL-WR940N%29&qid=1713712294&sprefix=%2Caps%2C598&sr=8-1:725:6364
T/this.log@https://www.amazon.com/WiFi-6-Router-Gigabit-Wireless/dp/B08H8ZLKKK/ref=sr_1_1?crid=3U5BHM3OVOS5F&dib=eyJ2IjoiMSJ9.QdWgopIKJJFsvL4DDwWKmVrIBncVhHR5XeNCrHeAA-mtqvsyBIZpcYTbitwHhBaOPmOR42fF0vQpZE0HtOdq9EtkPOWlvVC8JdhDro704YTYZzKs4OivQBkIc2cnLzmiCJX3Lr_xi5zHrmNmVJLp-4htnmg5LzkMj9uhvm4vIBA.HnxhoXv47GGkn6usinjcWXKi0lgegjfNTo_kXDHE4QM&dib_tag=se&keywords=TP-Link+N450+WiFi+Router+-+Wireless+Internet+Router+for+Home+%28TL-WR940N%29&qid=1713712294&sprefix=%2Caps%2C598&sr=8-1:725:7277
I@https://www.amazon.com/WiFi-6-Router-Gigabit-Wireless/dp/B08H8ZLKKK/ref=sr_1_1?crid=3U5BHM3OVOS5F&dib=eyJ2IjoiMSJ9.QdWgopIKJJFsvL4DDwWKmVrIBncVhHR5XeNCrHeAA-mtqvsyBIZpcYTbitwHhBaOPmOR42fF0vQpZE0HtOdq9EtkPOWlvVC8JdhDro704YTYZzKs4OivQBkIc2cnLzmiCJX3Lr_xi5zHrmNmVJLp-4htnmg5LzkMj9uhvm4vIBA.HnxhoXv47GGkn6usinjcWXKi0lgegjfNTo_kXDHE4QM&dib_tag=se&keywords=TP-Link+N450+WiFi+Router+-+Wireless+Internet+Router+for+Home+%28TL-WR940N%29&qid=1713712294&sprefix=%2Caps%2C598&sr=8-1:725:1020
@https://www.amazon.com/WiFi-6-Router-Gigabit-Wireless/dp/B08H8ZLKKK/ref=sr_1_1?crid=3U5BHM3OVOS5F&dib=eyJ2IjoiMSJ9.QdWgopIKJJFsvL4DDwWKmVrIBncVhHR5XeNCrHeAA-mtqvsyBIZpcYTbitwHhBaOPmOR42fF0vQpZE0HtOdq9EtkPOWlvVC8JdhDro704YTYZzKs4OivQBkIc2cnLzmiCJX3Lr_xi5zHrmNmVJLp-4htnmg5LzkMj9uhvm4vIBA.HnxhoXv47GGkn6usinjcWXKi0lgegjfNTo_kXDHE4QM&dib_tag=se&keywords=TP-Link+N450+WiFi+Router+-+Wireless+Internet+Router+for+Home+%28TL-WR940N%29&qid=1713712294&sprefix=%2Caps%2C598&sr=8-1:725:1813
i/<@https://www.amazon.com/WiFi-6-Router-Gigabit-Wireless/dp/B08H8ZLKKK/ref=sr_1_1?crid=3U5BHM3OVOS5F&dib=eyJ2IjoiMSJ9.QdWgopIKJJFsvL4DDwWKmVrIBncVhHR5XeNCrHeAA-mtqvsyBIZpcYTbitwHhBaOPmOR42fF0vQpZE0HtOdq9EtkPOWlvVC8JdhDro704YTYZzKs4OivQBkIc2cnLzmiCJX3Lr_xi5zHrmNmVJLp-4htnmg5LzkMj9uhvm4vIBA.HnxhoXv47GGkn6usinjcWXKi0lgegjfNTo_kXDHE4QM&dib_tag=se&keywords=TP-Link+N450+WiFi+Router+-+Wireless+Internet+Router+for+Home+%28TL-WR940N%29&qid=1713712294&sprefix=%2Caps%2C598&sr=8-1:706:136
r/this.recordMetric@https://www.amazon.com/WiFi-6-Router-Gigabit-Wireless/dp/B08H8ZLKKK/ref=sr_1_1?crid=3U5BHM3OVOS5F&dib=eyJ2IjoiMSJ9.QdWgopIKJJFsvL4DDwWKmVrIBncVhHR5XeNCrHeAA-mtqvsyBIZpcYTbitwHhBaOPmOR42fF0vQpZE0HtOdq9EtkPOWlvVC8JdhDro704YTYZzKs4OivQBkIc2cnLzmiCJX3Lr_xi5zHrmNmVJLp-4htnmg5LzkMj9uhvm4vIBA.HnxhoXv47GGkn6usinjcWXKi0lgegjfNTo_kXDHE4QM&dib_tag=se&keywords=TP-Link+N450+WiFi+Router+-+Wireless+Internet+Router+for+Home+%28TL-WR940N%29&qid=1713712294&sprefix=%2Caps%2C598&sr=8-1:10692:7988
I@https://www.amazon.com/WiFi-6-Router-Gigabit-Wireless/dp/B08H8ZLKKK/ref=sr_1_1?crid=3U5BHM3OVOS5F&dib=eyJ2IjoiMSJ9.QdWgopIKJJFsvL4DDwWKmVrIBncVhHR5XeNCrHeAA-mtqvsyBIZpcYTbitwHhBaOPmOR42fF0vQpZE0HtOdq9EtkPOWlvVC8JdhDro704YTYZzKs4OivQBkIc2cnLzmiCJX3Lr_xi5zHrmNmVJLp-4htnmg5LzkMj9uhvm4vIBA.HnxhoXv47GGkn6usinjcWXKi0lgegjfNTo_kXDHE4QM&dib_tag=se&keywords=TP-Link+N450+WiFi+Router+-+Wireless+Internet+Router+for+Home+%28TL-WR940N%29&qid=1713712294&sprefix=%2Caps%2C598&sr=8-1:725:1020
@https://www.amazon.com/WiFi-6-Router-Gigabit-Wireless/dp/B08H8ZLKKK/ref=sr_1_1?crid=3U5BHM3OVOS5F&dib=eyJ2IjoiMSJ9.QdWgopIKJJFsvL4DDwWKmVrIBncVhHR5XeNCrHeAA-mtqvsyBIZpcYTbitwHhBaOPmOR42fF0vQpZE0HtOdq9EtkPOWlvVC8JdhDro704YTYZzKs4OivQBkIc2cnLzmiCJX3Lr_xi5zHrmNmVJLp-4htnmg5LzkMj9uhvm4vIBA.HnxhoXv47GGkn6usinjcWXKi0lgegjfNTo_kXDHE4QM&dib_tag=se&keywords=TP-Link+N450+WiFi+Router+-+Wireless+Internet+Router+for+Home+%28TL-WR940N%29&qid=1713712294&sprefix=%2Caps%2C598&sr=8-1:725:1813
i/<@https://www.amazon.com/WiFi-6-Router-Gigabit-Wireless/dp/B08H8ZLKKK/ref=sr_1_1?crid=3U5BHM3OVOS5F&dib=eyJ2IjoiMSJ9.QdWgopIKJJFsvL4DDwWKmVrIBncVhHR5XeNCrHeAA-mtqvsyBIZpcYTbitwHhBaOPmOR42fF0vQpZE0HtOdq9EtkPOWlvVC8JdhDro704YTYZzKs4OivQBkIc2cnLzmiCJX3Lr_xi5zHrmNmVJLp-4htnmg5LzkMj9uhvm4vIBA.HnxhoXv47GGkn6usinjcWXKi0lgegjfNTo_kXDHE4QM&dib_tag=se&keywords=TP-Link+N450+WiFi+Router+-+Wireless+Internet+Router+for+Home+%28TL-WR940N%29&qid=1713712294&sprefix=%2Caps%2C598&sr=8-1:706:136
g@https://www.amazon.com/WiFi-6-Router-Gigabit-Wireless/dp/B08H8ZLKKK/ref=sr_1_1?crid=3U5BHM3OVOS5F&dib=eyJ2IjoiMSJ9.QdWgopIKJJFsvL4DDwWKmVrIBncVhHR5XeNCrHeAA-mtqvsyBIZpcYTbitwHhBaOPmOR42fF0vQpZE0HtOdq9EtkPOWlvVC8JdhDro704YTYZzKs4OivQBkIc2cnLzmiCJX3Lr_xi5zHrmNmVJLp-4htnmg5LzkMj9uhvm4vIBA.HnxhoXv47GGkn6usinjcWXKi0lgegjfNTo_kXDHE4QM&dib_tag=se&keywords=TP-Link+N450+WiFi+Router+-+Wireless+Internet+Router+for+Home+%28TL-WR940N%29&qid=1713712294&sprefix=%2Caps%2C598&sr=8-1:10692:10836
D/<@https://www.amazon.com/WiFi-6-Router-Gigabit-Wireless/dp/B08H8ZLKKK/ref=sr_1_1?crid=3U5BHM3OVOS5F&dib=eyJ2IjoiMSJ9.QdWgopIKJJFsvL4DDwWKmVrIBncVhHR5XeNCrHeAA-mtqvsyBIZpcYTbitwHhBaOPmOR42fF0vQpZE0HtOdq9EtkPOWlvVC8JdhDro704YTYZzKs4OivQBkIc2cnLzmiCJX3Lr_xi5zHrmNmVJLp-4htnmg5LzkMj9uhvm4vIBA.HnxhoXv47GGkn6usinjcWXKi0lgegjfNTo_kXDHE4QM&dib_tag=se&keywords=TP-Link+N450+WiFi+Router+-+Wireless+Internet+Router+for+Home+%28TL-WR940N%29&qid=1713712294&sprefix=%2Caps%2C598&sr=8-1:725:686
t.emit@https://www.amazon.com/WiFi-6-Router-Gigabit-Wireless/dp/B08H8ZLKKK/ref=sr_1_1?crid=3U5BHM3OVOS5F&dib=eyJ2IjoiMSJ9.QdWgopIKJJFsvL4DDwWKmVrIBncVhHR5XeNCrHeAA-mtqvsyBIZpcYTbitwHhBaOPmOR42fF0vQpZE0HtOdq9EtkPOWlvVC8JdhDro704YTYZzKs4OivQBkIc2cnLzmiCJX3Lr_xi5zHrmNmVJLp-4htnmg5LzkMj9uhvm4vIBA.HnxhoXv47GGkn6usinjcWXKi0lgegjfNTo_kXDHE4QM&dib_tag=se&keywords=TP-Link+N450+WiFi+Router+-+Wireless+Internet+Router+for+Home+%28TL-WR940N%29&qid=1713712294&sprefix=%2Caps%2C598&sr=8-1:725:1333
D@https://www.amazon.com/WiFi-6-Router-Gigabit-Wireless/dp/B08H8ZLKKK/ref=sr_1_1?crid=3U5BHM3OVOS5F&dib=eyJ2IjoiMSJ9.QdWgopIKJJFsvL4DDwWKmVrIBncVhHR5XeNCrHeAA-mtqvsyBIZpcYTbitwHhBaOPmOR42fF0vQpZE0HtOdq9EtkPOWlvVC8JdhDro704YTYZzKs4OivQBkIc2cnLzmiCJX3Lr_xi5zHrmNmVJLp-4htnmg5LzkMj9uhvm4vIBA.HnxhoXv47GGkn6usinjcWXKi0lgegjfNTo_kXDHE4QM&dib_tag=se&keywords=TP-Link+N450+WiFi+Router+-+Wireless+Internet+Router+for+Home+%28TL-WR940N%29&qid=1713712294&sprefix=%2Caps%2C598&sr=8-1:725:5685
D/<@https://www.amazon.com/WiFi-6-Router-Gigabit-Wireless/dp/B08H8ZLKKK/ref=sr_1_1?crid=3U5BHM3OVOS5F&dib=eyJ2IjoiMSJ9.QdWgopIKJJFsvL4DDwWKmVrIBncVhHR5XeNCrHeAA-mtqvsyBIZpcYTbitwHhBaOPmOR42fF0vQpZE0HtOdq9EtkPOWlvVC8JdhDro704YTYZzKs4OivQBkIc2cnLzmiCJX3Lr_xi5zHrmNmVJLp-4htnmg5LzkMj9uhvm4vIBA.HnxhoXv47GGkn6usinjcWXKi0lgegjfNTo_kXDHE4QM&dib_tag=se&keywords=TP-Link+N450+WiFi+Router+-+Wireless+Internet+Router+for+Home+%28TL-WR940N%29&qid=1713712294&sprefix=%2Caps%2C598&sr=8-1:725:686

JavaScript error: resource://gre/modules/AsyncShutdown.sys.mjs, line 569: NotFoundError: No such JSWindowActor 'DevToolsFrame'
JavaScript error: resource://gre/modules/AsyncShutdown.sys.mjs, line 569: NotFoundError: No such JSWindowActor 'DevToolsFrame'
JavaScript error: resource://gre/modules/AsyncShutdown.sys.mjs, line 569: NotFoundError: No such JSWindowActor 'DevToolsFrame'
1713712444454	Marionette	INFO	Stopped listening on port 21214
Dynamically enable window occlusion 1
