1713712026860	geckodriver	INFO	Listening on 127.0.0.1:20625
1713712029970	mozrunner::runner	INFO	Running command: "C:\\Program Files\\Mozilla Firefox\\firefox.exe" "--marionette" "--remote-debugging-port" "20626" "--remote-allow-hosts" "localhost" "-no-remote" "-profile" "C:\\Users\\ABDULL~1\\AppData\\Local\\Temp\\rust_mozprofileWCkdFP"
console.warn: services.settings: Ignoring preference override of remote settings server
console.warn: services.settings: Allow by setting MOZ_REMOTE_SETTINGS_DEVTOOLS=1 in the environment
Dynamically enable window occlusion 0
1713712030797	Marionette	INFO	Marionette enabled
1713712030905	Marionette	INFO	Listening on port 20640
WebDriver BiDi listening on ws://127.0.0.1:20626
Read port: 20640
1713712031191	RemoteAgent	WARN	TLS certificate errors will be ignored for this session
DevTools listening on ws://127.0.0.1:20626/devtools/browser/b13bbe99-a775-44d7-9d68-435d6878f9ab
JavaScript warning: https://www.amazon.com/, line 1865: WEBGL_debug_renderer_info is deprecated in Firefox and will be removed. Please use RENDERER.
JavaScript warning: https://www.amazon.com/s?k=TP-Link+N450+WiFi+Router+-+Wireless+Internet+Router+for+Home+%28TL-WR940N%29&crid=2GXKGVX9YCCK1&sprefix=%2Caps%2C290&ref=nb_sb_noss_2, line 3068: WEBGL_debug_renderer_info is deprecated in Firefox and will be removed. Please use RENDERER.
1713712060843	addons.xpi	ERROR	System addon update list error SyntaxError: XMLHttpRequest.open: 'http://%(server)s/dummy-system-addons.xml' is not a valid URL.
JavaScript warning: https://m.media-amazon.com/images/I/81MTK5Efc4L.js?AUIClients/FWCIMAssets, line 298: WEBGL_debug_renderer_info is deprecated in Firefox and will be removed. Please use RENDERER.
JavaScript warning: https://www.amazon.com/s?k=TP-Link+N450+WiFi+Router+-+Wireless+Internet+Router+for+Home+%28TL-WR940N%29&crid=2GXKGVX9YCCK1&sprefix=%2Caps%2C290&ref=nb_sb_noss_2, line 3009: Script terminated by timeout at:
l@https://www.amazon.com/s?k=TP-Link+N450+WiFi+Router+-+Wireless+Internet+Router+for+Home+%28TL-WR940N%29&crid=2GXKGVX9YCCK1&sprefix=%2Caps%2C290&ref=nb_sb_noss_2:3009:262

1713712091132	Marionette	INFO	Stopped listening on port 20640
Dynamically enable window occlusion 1
*** UTM:SVC TimerManager:registerTimer called after profile-before-change notification. Ignoring timer registration for id: telemetry_modules_ping
*** UTM:SVC TimerManager:registerTimer called after profile-before-change notification. Ignoring timer registration for id: telemetry_untrustedmodules_ping
