1713712684766	geckodriver	INFO	Listening on 127.0.0.1:22372
1713712687824	mozrunner::runner	INFO	Running command: "C:\\Program Files\\Mozilla Firefox\\firefox.exe" "--marionette" "--remote-debugging-port" "22373" "--remote-allow-hosts" "localhost" "-no-remote" "-profile" "C:\\Users\\ABDULL~1\\AppData\\Local\\Temp\\rust_mozprofilenD9GDd"
console.warn: services.settings: Ignoring preference override of remote settings server
console.warn: services.settings: Allow by setting MOZ_REMOTE_SETTINGS_DEVTOOLS=1 in the environment
Dynamically enable window occlusion 0
1713712688185	Marionette	INFO	Marionette enabled
1713712688333	Marionette	INFO	Listening on port 22383
WebDriver BiDi listening on ws://127.0.0.1:22373
Read port: 22383
1713712688611	RemoteAgent	WARN	TLS certificate errors will be ignored for this session
DevTools listening on ws://127.0.0.1:22373/devtools/browser/ece516be-0a9d-488c-94a8-230825f9b9e7
JavaScript warning: https://www.amazon.com/, line 1865: WEBGL_debug_renderer_info is deprecated in Firefox and will be removed. Please use RENDERER.
JavaScript warning: https://www.amazon.com/s?k=TP-Link+N450+WiFi+Router+-+Wireless+Internet+Router+for+Home+%28TL-WR940N%29&crid=33A6AWID8O0VW&sprefix=tp%2Caps%2C306&ref=nb_sb_noss_2, line 5249: WEBGL_debug_renderer_info is deprecated in Firefox and will be removed. Please use RENDERER.
1713712718207	addons.xpi	ERROR	System addon update list error SyntaxError: XMLHttpRequest.open: 'http://%(server)s/dummy-system-addons.xml' is not a valid URL.
JavaScript warning: https://www.amazon.com/WiFi-6-Router-Gigabit-Wireless/dp/B08H8ZLKKK/ref=sr_1_1?crid=33A6AWID8O0VW&dib=eyJ2IjoiMSJ9.hQHdcrBE4N42q17xONwuvvPQCU5lVEDMtCQYRdPOhHIjyVdNCfbsRv1yAY2q_m40zvGYqz9OPAI8MAeTA9odgXBxyk63Qc71LEc_VhRHy2k_AyIBmFOOVit0HSlvJ0ifvddankWMgmWDCo9ikNTTxYKVKm3Pjcc4levRL0GQnlWeEe5Awmck62BCvsUADIcc.aGHrlD0q-LEKHq2m74D0GUz1z5gQuiiTAQxIkYUAXNU&dib_tag=se&keywords=TP-Link+N450+WiFi+Router+-+Wireless+Internet+Router+for+Home+%28TL-WR940N%29&qid=1713712698&sprefix=tp%2Caps%2C306&sr=8-1, line 10695: WEBGL_debug_renderer_info is deprecated in Firefox and will be removed. Please use RENDERER.
JavaScript warning: https://www.amazon.com/WiFi-6-Router-Gigabit-Wireless/dp/B08H8ZLKKK/ref=sr_1_1?crid=33A6AWID8O0VW&dib=eyJ2IjoiMSJ9.hQHdcrBE4N42q17xONwuvvPQCU5lVEDMtCQYRdPOhHIjyVdNCfbsRv1yAY2q_m40zvGYqz9OPAI8MAeTA9odgXBxyk63Qc71LEc_VhRHy2k_AyIBmFOOVit0HSlvJ0ifvddankWMgmWDCo9ikNTTxYKVKm3Pjcc4levRL0GQnlWeEe5Awmck62BCvsUADIcc.aGHrlD0q-LEKHq2m74D0GUz1z5gQuiiTAQxIkYUAXNU&dib_tag=se&keywords=TP-Link+N450+WiFi+Router+-+Wireless+Internet+Router+for+Home+%28TL-WR940N%29&qid=1713712698&sprefix=tp%2Caps%2C306&sr=8-1, line 10680: Script terminated by timeout at:
on@https://www.amazon.com/WiFi-6-Router-Gigabit-Wireless/dp/B08H8ZLKKK/ref=sr_1_1?crid=33A6AWID8O0VW&dib=eyJ2IjoiMSJ9.hQHdcrBE4N42q17xONwuvvPQCU5lVEDMtCQYRdPOhHIjyVdNCfbsRv1yAY2q_m40zvGYqz9OPAI8MAeTA9odgXBxyk63Qc71LEc_VhRHy2k_AyIBmFOOVit0HSlvJ0ifvddankWMgmWDCo9ikNTTxYKVKm3Pjcc4levRL0GQnlWeEe5Awmck62BCvsUADIcc.aGHrlD0q-LEKHq2m74D0GUz1z5gQuiiTAQxIkYUAXNU&dib_tag=se&keywords=TP-Link+N450+WiFi+Router+-+Wireless+Internet+Router+for+Home+%28TL-WR940N%29&qid=1713712698&sprefix=tp%2Caps%2C306&sr=8-1:10680:22727
yn@https://www.amazon.com/WiFi-6-Router-Gigabit-Wireless/dp/B08H8ZLKKK/ref=sr_1_1?crid=33A6AWID8O0VW&dib=eyJ2IjoiMSJ9.hQHdcrBE4N42q17xONwuvvPQCU5lVEDMtCQYRdPOhHIjyVdNCfbsRv1yAY2q_m40zvGYqz9OPAI8MAeTA9odgXBxyk63Qc71LEc_VhRHy2k_AyIBmFOOVit0HSlvJ0ifvddankWMgmWDCo9ikNTTxYKVKm3Pjcc4levRL0GQnlWeEe5Awmck62BCvsUADIcc.aGHrlD0q-LEKHq2m74D0GUz1z5gQuiiTAQxIkYUAXNU&dib_tag=se&keywords=TP-Link+N450+WiFi+Router+-+Wireless+Internet+Router+for+Home+%28TL-WR940N%29&qid=1713712698&sprefix=tp%2Caps%2C306&sr=8-1:10680:23384
D/<@https://www.amazon.com/WiFi-6-Router-Gigabit-Wireless/dp/B08H8ZLKKK/ref=sr_1_1?crid=33A6AWID8O0VW&dib=eyJ2IjoiMSJ9.hQHdcrBE4N42q17xONwuvvPQCU5lVEDMtCQYRdPOhHIjyVdNCfbsRv1yAY2q_m40zvGYqz9OPAI8MAeTA9odgXBxyk63Qc71LEc_VhRHy2k_AyIBmFOOVit0HSlvJ0ifvddankWMgmWDCo9ikNTTxYKVKm3Pjcc4levRL0GQnlWeEe5Awmck62BCvsUADIcc.aGHrlD0q-LEKHq2m74D0GUz1z5gQuiiTAQxIkYUAXNU&dib_tag=se&keywords=TP-Link+N450+WiFi+Router+-+Wireless+Internet+Router+for+Home+%28TL-WR940N%29&qid=1713712698&sprefix=tp%2Caps%2C306&sr=8-1:727:686
t.emit@https://www.amazon.com/WiFi-6-Router-Gigabit-Wireless/dp/B08H8ZLKKK/ref=sr_1_1?crid=33A6AWID8O0VW&dib=eyJ2IjoiMSJ9.hQHdcrBE4N42q17xONwuvvPQCU5lVEDMtCQYRdPOhHIjyVdNCfbsRv1yAY2q_m40zvGYqz9OPAI8MAeTA9odgXBxyk63Qc71LEc_VhRHy2k_AyIBmFOOVit0HSlvJ0ifvddankWMgmWDCo9ikNTTxYKVKm3Pjcc4levRL0GQnlWeEe5Awmck62BCvsUADIcc.aGHrlD0q-LEKHq2m74D0GUz1z5gQuiiTAQxIkYUAXNU&dib_tag=se&keywords=TP-Link+N450+WiFi+Router+-+Wireless+Internet+Router+for+Home+%28TL-WR940N%29&qid=1713712698&sprefix=tp%2Caps%2C306&sr=8-1:727:1333
D@https://www.amazon.com/WiFi-6-Router-Gigabit-Wireless/dp/B08H8ZLKKK/ref=sr_1_1?crid=33A6AWID8O0VW&dib=eyJ2IjoiMSJ9.hQHdcrBE4N42q17xONwuvvPQCU5lVEDMtCQYRdPOhHIjyVdNCfbsRv1yAY2q_m40zvGYqz9OPAI8MAeTA9odgXBxyk63Qc71LEc_VhRHy2k_AyIBmFOOVit0HSlvJ0ifvddankWMgmWDCo9ikNTTxYKVKm3Pjcc4levRL0GQnlWeEe5Awmck62BCvsUADIcc.aGHrlD0q-LEKHq2m74D0GUz1z5gQuiiTAQxIkYUAXNU&dib_tag=se&keywords=TP-Link+N450+WiFi+Router+-+Wireless+Internet+Router+for+Home+%28TL-WR940N%29&qid=1713712698&sprefix=tp%2Caps%2C306&sr=8-1:727:5666
D/<@https://www.amazon.com/WiFi-6-Router-Gigabit-Wireless/dp/B08H8ZLKKK/ref=sr_1_1?crid=33A6AWID8O0VW&dib=eyJ2IjoiMSJ9.hQHdcrBE4N42q17xONwuvvPQCU5lVEDMtCQYRdPOhHIjyVdNCfbsRv1yAY2q_m40zvGYqz9OPAI8MAeTA9odgXBxyk63Qc71LEc_VhRHy2k_AyIBmFOOVit0HSlvJ0ifvddankWMgmWDCo9ikNTTxYKVKm3Pjcc4levRL0GQnlWeEe5Awmck62BCvsUADIcc.aGHrlD0q-LEKHq2m74D0GUz1z5gQuiiTAQxIkYUAXNU&dib_tag=se&keywords=TP-Link+N450+WiFi+Router+-+Wireless+Internet+Router+for+Home+%28TL-WR940N%29&qid=1713712698&sprefix=tp%2Caps%2C306&sr=8-1:727:686

1713712755572	Marionette	INFO	Stopped listening on port 22383
Dynamically enable window occlusion 1
